<?xml version="1.0" encoding="UTF-8"?>
<!-- Generated by org.testng.reporters.JUnitReportReporter -->
<testsuite skipped="0" hostname="RangaprabakarThangavel" name="com.Acme.com.Acmesystems.AppTest" tests="1" failures="0" timestamp="12 Oct 2019 09:47:36 GMT" time="19.083" errors="0">
  <testcase name="testApp" time="19.083" classname="com.Acme.com.Acmesystems.AppTest"/>
</testsuite> <!-- com.Acme.com.Acmesystems.AppTest -->
